<?xml version="1.0" encoding="UTF-8"?>
<beans xmlns="http://www.springframework.org/schema/beans"
       xmlns:xsi="http://www.w3.org/2001/XMLSchema-instance"
       xmlns:context="http://www.springframework.org/schema/context"
       xmlns:tx="http://www.springframework.org/schema/tx"
       xsi:schemaLocation="
       http://www.springframework.org/schema/beans
       http://www.springframework.org/schema/beans/spring-beans-3.0.xsd
       http://www.springframework.org/schema/context
       http://www.springframework.org/schema/context/spring-context-3.0.xsd
       http://www.springframework.org/schema/tx
       http://www.springframework.org/schema/tx/spring-tx-3.0.xsd">


       <context:annotation-config/>

       <!-- Add JPA support -->
       <bean id="emf" class=
               "org.springframework.orm.jpa.LocalContainerEntityManagerFactoryBean">
              <property name="loadTimeWeaver">
                     <bean class=
                                   "org.springframework.instrument.classloading.InstrumentationLoadTimeWeaver"/>
              </property>
       </bean>

       <!-- Add Transaction support -->
       <bean id="myTxManager"
             class="org.springframework.orm.jpa.JpaTransactionManager">
              <property name="entityManagerFactory" ref="emf"/>
       </bean>

       <!-- Use @Transaction annotations for managing transactions -->
       <tx:annotation-driven transaction-manager="myTxManager" />

       <bean id="oe" class="ph.hatch.ddd.oe.ObjectRegistry">
              <constructor-arg>
                     <list>
                            <value>ph.hatch.ddd.objectdb.repository.impl.test.domain</value>
                     </list>
              </constructor-arg>
       </bean>

       <!--<bean id="objectRepository" class="ph.hatch.ddd.oe.impl.HibernateObjectRepository"/>-->
       <bean id="objectRepository"  class="ph.hatch.ddd.repository.impl.GenericDBObjectRepository"/>

</beans>